D:\Test\FirstMvcApp\FirstMvcApp\scripts\out-tsc\app\app.component.js
D:\Test\FirstMvcApp\FirstMvcApp\scripts\out-tsc\app\app.component.js.map
D:\Test\FirstMvcApp\FirstMvcApp\scripts\out-tsc\app\git-repo-info.js
D:\Test\FirstMvcApp\FirstMvcApp\scripts\out-tsc\app\git-repo-info.js.map
D:\Test\FirstMvcApp\FirstMvcApp\scripts\out-tsc\app\github.service.js
D:\Test\FirstMvcApp\FirstMvcApp\scripts\out-tsc\app\github.service.js.map
D:\Test\FirstMvcApp\FirstMvcApp\scripts\out-tsc\app\gitrepos\gitrepos.component.js
D:\Test\FirstMvcApp\FirstMvcApp\scripts\out-tsc\app\gitrepos\gitrepos.component.js.map
D:\Test\FirstMvcApp\FirstMvcApp\scripts\out-tsc\app\app.module.js
D:\Test\FirstMvcApp\FirstMvcApp\scripts\out-tsc\app\app.module.js.map
D:\Test\FirstMvcApp\FirstMvcApp\scripts\out-tsc\environments\environment.js
D:\Test\FirstMvcApp\FirstMvcApp\scripts\out-tsc\environments\environment.js.map
D:\Test\FirstMvcApp\FirstMvcApp\scripts\out-tsc\main.js
D:\Test\FirstMvcApp\FirstMvcApp\scripts\out-tsc\main.js.map
D:\Test\FirstMvcApp\FirstMvcApp\scripts\out-tsc\polyfills.js
D:\Test\FirstMvcApp\FirstMvcApp\scripts\out-tsc\polyfills.js.map
D:\Test\FirstMvcApp\FirstMvcApp\scripts\out-tsc\test.js
D:\Test\FirstMvcApp\FirstMvcApp\scripts\out-tsc\test.js.map
D:\Test\FirstMvcApp\FirstMvcApp\scripts\out-tsc\app\app.component.spec.js
D:\Test\FirstMvcApp\FirstMvcApp\scripts\out-tsc\app\app.component.spec.js.map
D:\Test\FirstMvcApp\FirstMvcApp\scripts\out-tsc\app\github.service.spec.js
D:\Test\FirstMvcApp\FirstMvcApp\scripts\out-tsc\app\github.service.spec.js.map
D:\Test\FirstMvcApp\FirstMvcApp\scripts\out-tsc\environments\environment.prod.js
D:\Test\FirstMvcApp\FirstMvcApp\scripts\out-tsc\environments\environment.prod.js.map
D:\Test\FirstMvcApp\FirstMvcApp\scripts\out-tsc\app\gitrepos\gitrepos.component.spec.js
D:\Test\FirstMvcApp\FirstMvcApp\scripts\out-tsc\app\gitrepos\gitrepos.component.spec.js.map
